Using pre-set license
Desktop is 1366 x 768 @ 60 Hz

 COMMAND LINE ARGUMENTS:
Unity
-adb2
-batchMode
-noUpm
-name
AssetImportWorker0
-projectPath
/home/ya3502316/SpaceShooter
-logFile
Logs/AssetImportWorker0.log
-srvPort
43105
Successfully changed project path to: /home/ya3502316/SpaceShooter
/home/ya3502316/SpaceShooter
Using Asset Import Pipeline V2.
Refreshing native plugins compatible for Editor in 39,88 ms, found 1 plugins.
Preloading 0 native plugins for Editor in 0,00 ms.
Initialize engine version: 2020.3.0f1 (c7b5465681fb)
[Subsystems] Discovering subsystems at path /home/ya3502316/Unity/Hub/Editor/2020.3.0f1/Editor/Data/Resources/UnitySubsystems
[Subsystems] Discovering subsystems at path /home/ya3502316/SpaceShooter/Assets
GLX Extensions: GLX_ARB_create_context GLX_ARB_create_context_profile GLX_ARB_create_context_robustness GLX_ARB_fbconfig_float GLX_ARB_framebuffer_sRGB GLX_ARB_get_proc_address GLX_ARB_multisample GLX_EXT_import_context GLX_EXT_visual_info GLX_EXT_visual_rating GLX_EXT_fbconfig_packed_float GLX_EXT_framebuffer_sRGB GLX_EXT_create_context_es2_profile GLX_EXT_create_context_es_profile GLX_MESA_copy_sub_buffer GLX_MESA_multithread_makecurrent GLX_MESA_query_renderer GLX_MESA_swap_control GLX_OML_swap_method GLX_OML_sync_control GLX_SGI_make_current_read GLX_SGI_swap_control GLX_SGI_video_sync GLX_SGIS_multisample GLX_SGIX_fbconfig GLX_SGIX_pbuffer GLX_SGIX_visual_select_group GLX_EXT_texture_from_pixmap GLX_INTEL_swap_event GLX_EXT_buffer_age 
Renderer: Mesa DRI Intel(R) Kabylake GT1.5 
Vendor:   Intel Open Source Technology Center
Version:  4.5 (Core Profile) Mesa 13.0.6
GLES:     0
 GL_3DFX_texture_compression_FXT1 GL_AMD_conservative_depth GL_AMD_draw_buffers_blend GL_AMD_seamless_cubemap_per_texture GL_AMD_shader_stencil_export GL_AMD_shader_trinary_minmax GL_AMD_vertex_shader_layer GL_AMD_vertex_shader_viewport_index GL_ANGLE_texture_compression_dxt3 GL_ANGLE_texture_compression_dxt5 GL_APPLE_object_purgeable GL_ARB_ES2_compatibility GL_ARB_ES3_1_compatibility GL_ARB_ES3_2_compatibility GL_ARB_ES3_compatibility GL_ARB_arrays_of_arrays GL_ARB_base_instance GL_ARB_blend_func_extended GL_ARB_buffer_storage GL_ARB_clear_buffer_object GL_ARB_clear_texture GL_ARB_clip_control GL_ARB_compressed_texture_pixel_storage GL_ARB_compute_shader GL_ARB_conditional_render_inverted GL_ARB_conservative_depth GL_ARB_copy_buffer GL_ARB_copy_image GL_ARB_cull_distance GL_ARB_debug_output GL_ARB_depth_buffer_float GL_ARB_depth_clamp GL_ARB_derivative_control GL_ARB_direct_state_access GL_ARB_draw_buffers GL_ARB_draw_buffers_blend GL_ARB_draw_elements_base_vertex GL_ARB_draw_indirect GL_ARB_draw_instanced
 GL_ARB_enhanced_layouts GL_ARB_explicit_attrib_location GL_ARB_explicit_uniform_location GL_ARB_fragment_coord_conventions GL_ARB_fragment_layer_viewport GL_ARB_fragment_shader GL_ARB_framebuffer_no_attachments GL_ARB_framebuffer_object GL_ARB_framebuffer_sRGB GL_ARB_get_program_binary GL_ARB_get_texture_sub_image GL_ARB_gpu_shader5 GL_ARB_gpu_shader_fp64 GL_ARB_half_float_pixel GL_ARB_half_float_vertex GL_ARB_instanced_arrays GL_ARB_internalformat_query GL_ARB_internalformat_query2 GL_ARB_invalidate_subdata GL_ARB_map_buffer_alignment GL_ARB_map_buffer_range GL_ARB_multi_bind GL_ARB_multi_draw_indirect GL_ARB_occlusion_query2 GL_ARB_pipeline_statistics_query GL_ARB_pixel_buffer_object GL_ARB_point_sprite GL_ARB_program_interface_query GL_ARB_provoking_vertex GL_ARB_query_buffer_object GL_ARB_robust_buffer_access_behavior GL_ARB_robustness GL_ARB_sample_shading GL_ARB_sampler_objects GL_ARB_seamless_cube_map GL_ARB_seamless_cubemap_per_texture GL_ARB_separate_shader_objects GL_ARB_shader_atomic_counter_ops 
GL_ARB_shader_atomic_counters GL_ARB_shader_bit_encoding GL_ARB_shader_clock GL_ARB_shader_draw_parameters GL_ARB_shader_image_load_store GL_ARB_shader_image_size GL_ARB_shader_objects GL_ARB_shader_precision GL_ARB_shader_stencil_export GL_ARB_shader_storage_buffer_object GL_ARB_shader_subroutine GL_ARB_shader_texture_image_samples GL_ARB_shader_texture_lod GL_ARB_shader_viewport_layer_array GL_ARB_shading_language_420pack GL_ARB_shading_language_packing GL_ARB_stencil_texturing GL_ARB_sync GL_ARB_tessellation_shader GL_ARB_texture_barrier GL_ARB_texture_buffer_object GL_ARB_texture_buffer_object_rgb32 GL_ARB_texture_buffer_range GL_ARB_texture_compression_bptc GL_ARB_texture_compression_rgtc GL_ARB_texture_cube_map_array GL_ARB_texture_float GL_ARB_texture_gather GL_ARB_texture_mirror_clamp_to_edge GL_ARB_texture_multisample GL_ARB_texture_non_power_of_two GL_ARB_texture_query_levels GL_ARB_texture_query_lod GL_ARB_texture_rectangle GL_ARB_texture_rg GL_ARB_texture_rgb10_a2ui GL_ARB_texture_stencil8 GL_ARB
_texture_storage GL_ARB_texture_storage_multisample GL_ARB_texture_swizzle GL_ARB_texture_view GL_ARB_timer_query GL_ARB_transform_feedback2 GL_ARB_transform_feedback3 GL_ARB_transform_feedback_instanced GL_ARB_uniform_buffer_object GL_ARB_vertex_array_bgra GL_ARB_vertex_array_object GL_ARB_vertex_attrib_64bit GL_ARB_vertex_attrib_binding GL_ARB_vertex_shader GL_ARB_vertex_type_10f_11f_11f_rev GL_ARB_vertex_type_2_10_10_10_rev GL_ARB_viewport_array GL_ATI_blend_equation_separate GL_ATI_texture_float GL_EXT_abgr GL_EXT_blend_equation_separate GL_EXT_draw_buffers2 GL_EXT_draw_instanced GL_EXT_framebuffer_blit GL_EXT_framebuffer_multisample GL_EXT_framebuffer_multisample_blit_scaled GL_EXT_framebuffer_sRGB GL_EXT_packed_depth_stencil GL_EXT_packed_float GL_EXT_pixel_buffer_object GL_EXT_polygon_offset_clamp GL_EXT_provoking_vertex GL_EXT_shader_integer_mix GL_EXT_shader_samples_identical GL_EXT_texture_array GL_EXT_texture_compression_dxt1 GL_EXT_texture_compression_rgtc GL_EXT_texture_compression_s3tc GL_EXT_t
exture_filter_anisotropic GL_EXT_texture_integer GL_EXT_texture_sRGB GL_EXT_texture_sRGB_decode GL_EXT_texture_shared_exponent GL_EXT_texture_snorm GL_EXT_texture_swizzle GL_EXT_timer_query GL_EXT_transform_feedback GL_EXT_vertex_array_bgra GL_IBM_multimode_draw_arrays GL_KHR_blend_equation_advanced GL_KHR_blend_equation_advanced_coherent GL_KHR_context_flush_control GL_KHR_debug GL_KHR_robust_buffer_access_behavior GL_KHR_robustness GL_KHR_texture_compression_astc_ldr GL_KHR_texture_compression_astc_sliced_3d GL_MESA_pack_invert GL_MESA_shader_integer_functions GL_MESA_texture_signed_rgba GL_NV_conditional_render GL_NV_depth_clamp GL_NV_packed_depth_stencil GL_NV_texture_barrier GL_OES_EGL_image GL_S3_s3tc
OPENGL LOG: Creating OpenGL 4.5 graphics device ; Context level  <OpenGL 4.5> ; Context handle -2004819536
Initialize mono
Mono path[0] = '/home/ya3502316/Unity/Hub/Editor/2020.3.0f1/Editor/Data/Managed'
Mono path[1] = '/home/ya3502316/Unity/Hub/Editor/2020.3.0f1/Editor/Data/MonoBleedingEdge/lib/mono/unityjit'
Mono config path = '/home/ya3502316/Unity/Hub/Editor/2020.3.0f1/Editor/Data/MonoBleedingEdge/etc'
Using monoOptions --debugger-agent=transport=dt_socket,embedding=1,server=y,suspend=n,address=127.0.0.1:56608
Begin MonoManager ReloadAssembly
Registering precompiled unity dll's ...
Register platform support module: /home/ya3502316/Unity/Hub/Editor/2020.3.0f1/Editor/Data/PlaybackEngines/LinuxStandaloneSupport/UnityEditor.LinuxStandalone.Extensions.dll
Registered in 0,001441 seconds.
Native extension for LinuxStandalone target not found
Refreshing native plugins compatible for Editor in 40,97 ms, found 1 plugins.
Preloading 0 native plugins for Editor in 0,00 ms.
Invoked RoslynAnalysisRunner static constructor.
RoslynAnalysisRunner will not be running.
RoslynAnalysisRunner has terminated.
Mono: successfully reloaded assembly
- Completed reload, in  0,958 seconds
Platform modules already initialized, skipping
Registering precompiled user dll's ...
Registered in 0,000928 seconds.
Begin MonoManager ReloadAssembly
Native extension for LinuxStandalone target not found
Refreshing native plugins compatible for Editor in 41,12 ms, found 1 plugins.
Preloading 0 native plugins for Editor in 0,00 ms.
Invoked RoslynAnalysisRunner static constructor.
RoslynAnalysisRunner will not be running.
RoslynAnalysisRunner has terminated.
Mono: successfully reloaded assembly
- Completed reload, in  0,978 seconds
Platform modules already initialized, skipping
========================================================================
Worker process is ready to serve import requests
Launched and connected shader compiler UnityShaderCompiler after 0.01 seconds
Refreshing native plugins compatible for Editor in 0,34 ms, found 1 plugins.
Preloading 0 native plugins for Editor in 0,00 ms.
Unloading 1821 Unused Serialized files (Serialized files now loaded: 0)
System memory in use before: 79,2 MB.
System memory in use after: 79,2 MB.

Unloading 24 unused Assets to reduce memory usage. Loaded Objects now: 2265.
Total: 3,054537 ms (FindLiveObjects: 0,293226 ms CreateObjectMapping: 0,108920 ms MarkObjects: 2,435750 ms  DeleteObjects: 0,213851 ms)

========================================================================
Received Import Request.
  path: Assets/BulletEnemy.prefab
  artifactKey: Guid(ce009b2fbff6cc371ba9786f25f4156c) Importer(815301076,1909f56bfc062723c751e8b465ee728b)
Start importing Assets/BulletEnemy.prefab using Guid(ce009b2fbff6cc371ba9786f25f4156c) Importer(815301076,1909f56bfc062723c751e8b465ee728b)  -> (artifact id: 'c45733bf80a30cb6f9eaf9ec929726fc') in 0,086519 seconds
  Import took 0,090207 seconds .

========================================================================
Received Import Request.
  Time since last request: 69,463259 seconds.
  path: Assets/enemy.prefab
  artifactKey: Guid(a5ae1a3a1c17ce95cbf3f4fd494c56dd) Importer(815301076,1909f56bfc062723c751e8b465ee728b)
Start importing Assets/enemy.prefab using Guid(a5ae1a3a1c17ce95cbf3f4fd494c56dd) Importer(815301076,1909f56bfc062723c751e8b465ee728b)  -> (artifact id: '5817652895dbe2f424ffe177bbec4339') in 0,006749 seconds
  Import took 0,011769 seconds .

========================================================================
Received Import Request.
  Time since last request: 0,000668 seconds.
  path: Assets/enemy.prefab
  artifactKey: Guid(a5ae1a3a1c17ce95cbf3f4fd494c56dd) Importer(815301076,1909f56bfc062723c751e8b465ee728b)
Start importing Assets/enemy.prefab using Guid(a5ae1a3a1c17ce95cbf3f4fd494c56dd) Importer(815301076,1909f56bfc062723c751e8b465ee728b)  -> (artifact id: '5817652895dbe2f424ffe177bbec4339') in 0,006661 seconds
  Import took 0,013561 seconds .

========================================================================
Received Prepare
Registering precompiled user dll's ...
Registered in 0,001009 seconds.
Begin MonoManager ReloadAssembly
Native extension for LinuxStandalone target not found
Refreshing native plugins compatible for Editor in 0,52 ms, found 1 plugins.
Preloading 0 native plugins for Editor in 0,00 ms.
Invoked RoslynAnalysisRunner static constructor.
RoslynAnalysisRunner will not be running.
RoslynAnalysisRunner has terminated.
Mono: successfully reloaded assembly
- Completed reload, in  0,858 seconds
Platform modules already initialized, skipping
Refreshing native plugins compatible for Editor in 0,52 ms, found 1 plugins.
Preloading 0 native plugins for Editor in 0,00 ms.
Unloading 1817 Unused Serialized files (Serialized files now loaded: 0)
System memory in use before: 80,6 MB.
System memory in use after: 80,6 MB.

Unloading 12 unused Assets to reduce memory usage. Loaded Objects now: 2277.
Total: 2,636145 ms (FindLiveObjects: 0,243797 ms CreateObjectMapping: 0,092697 ms MarkObjects: 2,181077 ms  DeleteObjects: 0,115543 ms)

========================================================================
Received Import Request.
  Time since last request: 334,418787 seconds.
  path: Assets/spawn.cs
  artifactKey: Guid(d0996346513fa43fba6d8ba0bfd03081) Importer(815301076,1909f56bfc062723c751e8b465ee728b)
Start importing Assets/spawn.cs using Guid(d0996346513fa43fba6d8ba0bfd03081) Importer(815301076,1909f56bfc062723c751e8b465ee728b)  -> (artifact id: '782bfd8fe73c9b6a7887ab3ea2b584d1') in 0,003318 seconds
  Import took 0,007618 seconds .

========================================================================
Received Import Request.
  Time since last request: 0,002198 seconds.
  path: Assets/spawn.cs
  artifactKey: Guid(d0996346513fa43fba6d8ba0bfd03081) Importer(815301076,1909f56bfc062723c751e8b465ee728b)
Start importing Assets/spawn.cs using Guid(d0996346513fa43fba6d8ba0bfd03081) Importer(815301076,1909f56bfc062723c751e8b465ee728b)  -> (artifact id: '782bfd8fe73c9b6a7887ab3ea2b584d1') in 0,000763 seconds
  Import took 0,005634 seconds .

========================================================================
Received Prepare
Registering precompiled user dll's ...
Registered in 0,001102 seconds.
Begin MonoManager ReloadAssembly
Native extension for LinuxStandalone target not found
Refreshing native plugins compatible for Editor in 0,34 ms, found 1 plugins.
Preloading 0 native plugins for Editor in 0,00 ms.
Invoked RoslynAnalysisRunner static constructor.
RoslynAnalysisRunner will not be running.
RoslynAnalysisRunner has terminated.
Mono: successfully reloaded assembly
- Completed reload, in  0,834 seconds
Platform modules already initialized, skipping
Refreshing native plugins compatible for Editor in 0,35 ms, found 1 plugins.
Preloading 0 native plugins for Editor in 0,00 ms.
Unloading 1817 Unused Serialized files (Serialized files now loaded: 0)
System memory in use before: 80,7 MB.
System memory in use after: 80,7 MB.

Unloading 12 unused Assets to reduce memory usage. Loaded Objects now: 2281.
Total: 3,337293 ms (FindLiveObjects: 0,351709 ms CreateObjectMapping: 0,141470 ms MarkObjects: 2,717276 ms  DeleteObjects: 0,123387 ms)

========================================================================
Received Import Request.
  Time since last request: 186,903615 seconds.
  path: Assets/spawn.cs
  artifactKey: Guid(d0996346513fa43fba6d8ba0bfd03081) Importer(815301076,1909f56bfc062723c751e8b465ee728b)
Start importing Assets/spawn.cs using Guid(d0996346513fa43fba6d8ba0bfd03081) Importer(815301076,1909f56bfc062723c751e8b465ee728b)  -> (artifact id: '10cbcf31c50b11fec577c3a404ad2a9c') in 0,003638 seconds
  Import took 0,008296 seconds .

========================================================================
Received Prepare
Registering precompiled user dll's ...
Registered in 0,000877 seconds.
Begin MonoManager ReloadAssembly
Native extension for LinuxStandalone target not found
Refreshing native plugins compatible for Editor in 0,36 ms, found 1 plugins.
Preloading 0 native plugins for Editor in 0,00 ms.
Invoked RoslynAnalysisRunner static constructor.
RoslynAnalysisRunner will not be running.
RoslynAnalysisRunner has terminated.
Mono: successfully reloaded assembly
- Completed reload, in  0,817 seconds
Platform modules already initialized, skipping
Refreshing native plugins compatible for Editor in 0,35 ms, found 1 plugins.
Preloading 0 native plugins for Editor in 0,00 ms.
Unloading 1817 Unused Serialized files (Serialized files now loaded: 0)
System memory in use before: 80,7 MB.
System memory in use after: 80,7 MB.

Unloading 12 unused Assets to reduce memory usage. Loaded Objects now: 2285.
Total: 3,161336 ms (FindLiveObjects: 0,331836 ms CreateObjectMapping: 0,141755 ms MarkObjects: 2,500329 ms  DeleteObjects: 0,183499 ms)

========================================================================
Received Prepare
Registering precompiled user dll's ...
Registered in 0,001078 seconds.
Begin MonoManager ReloadAssembly
Native extension for LinuxStandalone target not found
Refreshing native plugins compatible for Editor in 0,34 ms, found 1 plugins.
Preloading 0 native plugins for Editor in 0,00 ms.
Invoked RoslynAnalysisRunner static constructor.
RoslynAnalysisRunner will not be running.
RoslynAnalysisRunner has terminated.
Mono: successfully reloaded assembly
- Completed reload, in  0,818 seconds
Platform modules already initialized, skipping
Refreshing native plugins compatible for Editor in 0,41 ms, found 1 plugins.
Preloading 0 native plugins for Editor in 0,00 ms.
Unloading 1817 Unused Serialized files (Serialized files now loaded: 0)
System memory in use before: 80,7 MB.
System memory in use after: 80,7 MB.

Unloading 12 unused Assets to reduce memory usage. Loaded Objects now: 2289.
Total: 2,947002 ms (FindLiveObjects: 0,245914 ms CreateObjectMapping: 0,097776 ms MarkObjects: 2,470022 ms  DeleteObjects: 0,129881 ms)

